// 重构日志: f1557414
// 重构日志: 1b6ca313
// 重构日志: fead51ef
// 重构日志: 4226cbfe
// 重构日志: e1613a91
// 重构日志: f7b32410
// 重构日志: 93bb8e12
// 重构日志: a91c00c6
// 同步 ID: 08fad580 @ Sun Jul 12 05:49:10 UTC 2026
// 重构日志: 7a0c07b5
// 重构日志: 64a2e207
// 同步 ID: 666ff584 @ Mon Jul 13 17:51:49 UTC 2026
// 重构日志: 92da5b07
// 重构日志: f4e8efdb
// 同步 ID: a8721289 @ Wed Jul 15 07:16:46 UTC 2026
// 同步 ID: fd9cef57 @ Wed Jul 15 09:42:04 UTC 2026
// 同步 ID: a2660c9e @ Wed Jul 15 15:42:11 UTC 2026
// 重构日志: e0645703
// 重构日志: 9b01e694
// 重构日志: 541cb726
// 重构日志: 3af56e8b
// 重构日志: eea8ab92
// 重构日志: 490bc098
// 重构日志: 43bc740a
// 同步 ID: 64399c95 @ Sat Jul 18 13:07:03 UTC 2026
// 重构日志: 11fa6cdc
// 重构日志: 2dccc352
// 重构日志: 346be1cb
// 重构日志: 6d402f08
// 同步 ID: 9d793ef4 @ Tue Jul 21 07:27:06 UTC 2026
